<?xml version="1.0" encoding="UTF-8"?>
<!-- Generated by org.testng.reporters.JUnitXMLReporter -->
<testsuite ignored="0" hostname="DESKTOP-QT9LOOQ" failures="1" tests="2" name="Test" time="20.614" errors="0" timestamp="2024-08-27T13:27:51 EDT">
  <testcase classname="testCases.TC_001_AccountRegistrationTest" name="verify_account_registration" time="2.11"/>
  <testcase classname="testCases.TC_002_LoginTest" name="verify_login" time="12.087">
    <failure type="java.lang.AssertionError" message="LoginFailed expected [true] but found [false]">
      <![CDATA[java.lang.AssertionError: LoginFailed expected [true] but found [false]
at testCases.TC_002_LoginTest.verify_login(TC_002_LoginTest.java:39)
at java.base/java.util.ArrayList.forEach(ArrayList.java:1597)
... Removed 31 stack frames]]>
    </failure>
  </testcase> <!-- verify_login -->
</testsuite> <!-- Test -->
